<?xml version="1.0" encoding="UTF-8"?>
<testsuite errors="0" failures="0" hostname="Jarles-MacBook-Pro.local" name="com.googlecode.sc2dm.server.authentication.GoogleAuthenticationIT" tests="2" time="0.626" timestamp="2011-11-25T11:34:39">
  <properties />
  <ignored-testcase classname="com.googlecode.sc2dm.server.authentication.GoogleAuthenticationIT" name="getAuthToken_validInput" time="0.0" />
  <testcase classname="com.googlecode.sc2dm.server.authentication.GoogleAuthenticationIT" name="getAuthToken_invalidInput" time="0.621" />
  <system-out><![CDATA[]]></system-out>
  <system-err><![CDATA[612 [Outgoing Connection [b9be73f7-1de4-47f0-91bc-f7fd262c4761 port:51508, addresses:[/0:0:0:0:0:0:0:1, /127.0.0.1]]:0 worker] WARN com.googlecode.sc2dm.server.authentication.GoogleAuthentication - Unable to retrieve token, http response is null
]]></system-err>
</testsuite>
