<?xml version="1.0" encoding="UTF-8"?>
<testsuite errors="0" failures="0" hostname="Jarles-MacBook-Pro.local" name="com.googlecode.sc2dm.server.authentication.AuthenticationDataTest" tests="1" time="0.06" timestamp="2011-11-25T11:34:39">
  <properties />
  <testcase classname="com.googlecode.sc2dm.server.authentication.AuthenticationDataTest" name="createAuthString" time="0.0030" />
  <system-out><![CDATA[]]></system-out>
  <system-err><![CDATA[]]></system-err>
</testsuite>
